Using pre-set license
Built from '2022.3/staging' branch; Version is '2022.3.47f1 (88c277b85d21) revision 8962679'; Using compiler version '192829333'; Build Type 'Release'
OS: 'Windows 10  (10.0.14393) 64bit EnterpriseS' Language: 'en' Physical Memory: 3973 MB
BatchMode: 1, IsHumanControllingUs: 0, StartBugReporterOnCrash: 0, Is64bit: 1, IsPro: 1

COMMAND LINE ARGUMENTS:
C:\Program Files\Unity 2022.3.47f1\Editor\Unity.exe
-adb2
-batchMode
-noUpm
-name
AssetImportWorker0
-projectPath
D:/MODUL KULIAH/Semester 6/Game Programming/Flappy Bird_RaudiahRFH_40621100013
-logFile
Logs/AssetImportWorker0.log
-srvPort
50754
Successfully changed project path to: D:/MODUL KULIAH/Semester 6/Game Programming/Flappy Bird_RaudiahRFH_40621100013
D:/MODUL KULIAH/Semester 6/Game Programming/Flappy Bird_RaudiahRFH_40621100013
[UnityMemory] Configuration Parameters - Can be set up in boot.config
    "memorysetup-bucket-allocator-granularity=16"
    "memorysetup-bucket-allocator-bucket-count=8"
    "memorysetup-bucket-allocator-block-size=33554432"
    "memorysetup-bucket-allocator-block-count=8"
    "memorysetup-main-allocator-block-size=16777216"
    "memorysetup-thread-allocator-block-size=16777216"
    "memorysetup-gfx-main-allocator-block-size=16777216"
    "memorysetup-gfx-thread-allocator-block-size=16777216"
    "memorysetup-cache-allocator-block-size=4194304"
    "memorysetup-typetree-allocator-block-size=2097152"
    "memorysetup-profiler-bucket-allocator-granularity=16"
    "memorysetup-profiler-bucket-allocator-bucket-count=8"
    "memorysetup-profiler-bucket-allocator-block-size=33554432"
    "memorysetup-profiler-bucket-allocator-block-count=8"
    "memorysetup-profiler-allocator-block-size=16777216"
    "memorysetup-profiler-editor-allocator-block-size=1048576"
    "memorysetup-temp-allocator-size-main=16777216"
    "memorysetup-job-temp-allocator-block-size=2097152"
    "memorysetup-job-temp-allocator-block-size-background=1048576"
    "memorysetup-job-temp-allocator-reduction-small-platforms=262144"
    "memorysetup-allocator-temp-initial-block-size-main=262144"
    "memorysetup-allocator-temp-initial-block-size-worker=262144"
    "memorysetup-temp-allocator-size-background-worker=32768"
    "memorysetup-temp-allocator-size-job-worker=262144"
    "memorysetup-temp-allocator-size-preload-manager=33554432"
    "memorysetup-temp-allocator-size-nav-mesh-worker=65536"
    "memorysetup-temp-allocator-size-audio-worker=65536"
    "memorysetup-temp-allocator-size-cloud-worker=32768"
    "memorysetup-temp-allocator-size-gi-baking-worker=262144"
    "memorysetup-temp-allocator-size-gfx=262144"
Player connection [5824]  Target information:

Player connection [5824]  * "[IP] 192.168.1.9 [Port] 0 [Flags] 2 [Guid] 3691100691 [EditorId] 3691100691 [Version] 1048832 [Id] WindowsEditor(7,DESKTOP-HRS86RO) [Debug] 1 [PackageName] WindowsEditor [ProjectName] Editor" 

Player connection [5824] Host joined multi-casting on [225.0.0.222:54997]...
Player connection [5824] Host joined alternative multi-casting on [225.0.0.222:34997]...
[PhysX] Initialized MultithreadedTaskDispatcher with 2 workers.
Refreshing native plugins compatible for Editor in 255.18 ms, found 0 plugins.
Preloading 0 native plugins for Editor in 0.00 ms.
Initialize engine version: 2022.3.47f1 (88c277b85d21)
[Subsystems] Discovering subsystems at path C:/Program Files/Unity 2022.3.47f1/Editor/Data/Resources/UnitySubsystems
[Subsystems] Discovering subsystems at path D:/MODUL KULIAH/Semester 6/Game Programming/Flappy Bird_RaudiahRFH_40621100013/Assets
GfxDevice: creating device client; threaded=0; jobified=0
Direct3D:
    Version:  Direct3D 11.0 [level 11.1]
    Renderer: AMD Radeon(TM) R5 Graphics (ID=0x98e4)
    Vendor:   ATI
    VRAM:     128 MB
    Driver:   22.19.180.1025
Initialize mono
Mono path[0] = 'C:/Program Files/Unity 2022.3.47f1/Editor/Data/Managed'
Mono path[1] = 'C:/Program Files/Unity 2022.3.47f1/Editor/Data/MonoBleedingEdge/lib/mono/unityjit-win32'
Mono config path = 'C:/Program Files/Unity 2022.3.47f1/Editor/Data/MonoBleedingEdge/etc'
Using monoOptions --debugger-agent=transport=dt_socket,embedding=1,server=y,suspend=n,address=127.0.0.1:56036
Begin MonoManager ReloadAssembly
Registering precompiled unity dll's ...
Register platform support module: C:/Program Files/Unity 2022.3.47f1/Editor/Data/PlaybackEngines/WebGLSupport/UnityEditor.WebGL.Extensions.dll
Register platform support module: C:/Program Files/Unity 2022.3.47f1/Editor/Data/PlaybackEngines/WindowsStandaloneSupport/UnityEditor.WindowsStandalone.Extensions.dll
Registered in 0.009621 seconds.
- Loaded All Assemblies, in 22.179 seconds
Native extension for WindowsStandalone target not found
Native extension for WebGL target not found
Mono: successfully reloaded assembly
- Finished resetting the current domain, in  1.741 seconds
Domain Reload Profiling: 23920ms
	BeginReloadAssembly (18447ms)
		ExecutionOrderSort (0ms)
		DisableScriptedObjects (0ms)
		BackupInstance (0ms)
		ReleaseScriptingObjects (0ms)
		CreateAndSetChildDomain (6ms)
	RebuildCommonClasses (97ms)
	RebuildNativeTypeToScriptingClass (27ms)
	initialDomainReloadingComplete (227ms)
	LoadAllAssembliesAndSetupDomain (3381ms)
		LoadAssemblies (18433ms)
		RebuildTransferFunctionScriptingTraits (0ms)
		AnalyzeDomain (3375ms)
			TypeCache.Refresh (2557ms)
				TypeCache.ScanAssembly (2439ms)
			ScanForSourceGeneratedMonoScriptInfo (192ms)
			ResolveRequiredComponents (622ms)
	FinalizeReload (1742ms)
		ReleaseScriptCaches (0ms)
		RebuildScriptCaches (0ms)
		SetupLoadedEditorAssemblies (1257ms)
			LogAssemblyErrors (0ms)
			InitializePlatformSupportModulesInManaged (38ms)
			SetLoadedEditorAssemblies (26ms)
			RefreshPlugins (0ms)
			BeforeProcessingInitializeOnLoad (12ms)
			ProcessInitializeOnLoadAttributes (780ms)
			ProcessInitializeOnLoadMethodAttributes (400ms)
			AfterProcessingInitializeOnLoad (0ms)
			EditorAssembliesLoaded (0ms)
		ExecutionOrderSort2 (0ms)
		AwakeInstancesAfterBackupRestoration (0ms)
========================================================================
Worker process is ready to serve import requests
Caller must complete domain reload
Begin MonoManager ReloadAssembly
- Loaded All Assemblies, in 14.242 seconds
Native extension for WindowsStandalone target not found
Native extension for WebGL target not found
Mono: successfully reloaded assembly
- Finished resetting the current domain, in 13.951 seconds
Domain Reload Profiling: 28212ms
	BeginReloadAssembly (3358ms)
		ExecutionOrderSort (0ms)
		DisableScriptedObjects (216ms)
		BackupInstance (0ms)
		ReleaseScriptingObjects (0ms)
		CreateAndSetChildDomain (304ms)
	RebuildCommonClasses (388ms)
	RebuildNativeTypeToScriptingClass (32ms)
	initialDomainReloadingComplete (93ms)
	LoadAllAssembliesAndSetupDomain (10369ms)
		LoadAssemblies (7198ms)
		RebuildTransferFunctionScriptingTraits (0ms)
		AnalyzeDomain (5263ms)
			TypeCache.Refresh (5240ms)
				TypeCache.ScanAssembly (5167ms)
			ScanForSourceGeneratedMonoScriptInfo (15ms)
			ResolveRequiredComponents (5ms)
	FinalizeReload (13972ms)
		ReleaseScriptCaches (0ms)
		RebuildScriptCaches (0ms)
		SetupLoadedEditorAssemblies (10953ms)
			LogAssemblyErrors (0ms)
			InitializePlatformSupportModulesInManaged (214ms)
			SetLoadedEditorAssemblies (121ms)
			RefreshPlugins (0ms)
			BeforeProcessingInitializeOnLoad (1765ms)
			ProcessInitializeOnLoadAttributes (8545ms)
			ProcessInitializeOnLoadMethodAttributes (295ms)
			AfterProcessingInitializeOnLoad (13ms)
			EditorAssembliesLoaded (1ms)
		ExecutionOrderSort2 (0ms)
		AwakeInstancesAfterBackupRestoration (326ms)
Launched and connected shader compiler UnityShaderCompiler.exe after 1.98 seconds
Refreshing native plugins compatible for Editor in 23.40 ms, found 0 plugins.
Preloading 0 native plugins for Editor in 0.00 ms.
Unloading 742 Unused Serialized files (Serialized files now loaded: 0)
Unloading 11 unused Assets / (50.4 KB). Loaded Objects now: 1215.
Memory consumption went from 64.9 MB to 64.9 MB.
Total: 21.903434 ms (FindLiveObjects: 0.318720 ms CreateObjectMapping: 0.080364 ms MarkObjects: 21.254709 ms  DeleteObjects: 0.245537 ms)

AssetImportParameters requested are different than current active one (requested -> active):
  custom:video-encoder-webm-vp8: eb34c28f22e8b96e1ab97ce403110664 -> 
  custom:video-decoder-webm-vp8: 9c59270c3fd7afecdb556c50c9e8de78 -> 
  custom:audio-decoder-ogg-vorbis: bf7c407c2cedff20999df2af8eb42d56 -> 
  custom:video-decoder-ogg-theora: a1e56fd34408186e4bbccfd4996cb3dc -> 
  custom:audio-encoder-webm-vorbis: bf7c407c2cedff20999df2af8eb42d56 -> 
  custom:SearchIndexIgnoredProperties: e643bd26f0fe6173181afceb89e7c659 -> 
  custom:container-demuxer-ogg: 62fdf1f143b41e24485cea50d1cbac27 -> 
  custom:AudioImporter_EditorPlatform: d09bf68614088b80899f8185d706f6e7 -> 
  custom:CustomObjectIndexerAttribute: 9a22284fe3817be447336de3de66b15e -> 
  custom:framework-win-MediaFoundation: 216162199b28c13a410421893ffa2e32 -> 
  custom:container-demuxer-webm: 4f35f7cbe854078d1ac9338744f61a02 -> 
  custom:container-muxer-webm: aa71ff27fc2769a1b78a27578f13a17b -> 
  custom:video-codec-MediaFoundation-h265: 55f8c8538cf0483ab7069ead6b737db2 -> 
========================================================================
Received Import Request.
  Time since last request: 26036.926443 seconds.
  path: Assets/Scene/Splash.unity
  artifactKey: Guid(472fa2b05ca42b647a0cdb7c3caeb5ac) Importer(815301076,1909f56bfc062723c751e8b465ee728b)
Start importing Assets/Scene/Splash.unity using Guid(472fa2b05ca42b647a0cdb7c3caeb5ac) Importer(815301076,1909f56bfc062723c751e8b465ee728b) [PhysX] Initialized MultithreadedTaskDispatcher with 2 workers.
 -> (artifact id: '3672284b31cc1843edf1cc28c4d5f10c') in 0.125319 seconds
Number of updated asset objects reloaded before import = 0
Number of asset objects unloaded after import = 0
========================================================================
Received Import Request.
  Time since last request: 21.093494 seconds.
  path: Assets/Scene/Play.unity
  artifactKey: Guid(26a2584c7be75314f89df587862f1f8d) Importer(815301076,1909f56bfc062723c751e8b465ee728b)
Start importing Assets/Scene/Play.unity using Guid(26a2584c7be75314f89df587862f1f8d) Importer(815301076,1909f56bfc062723c751e8b465ee728b) [PhysX] Initialized MultithreadedTaskDispatcher with 2 workers.
 -> (artifact id: '92d6452f56dfc7ff1be28c36cdaacd8f') in 0.022815 seconds
Number of updated asset objects reloaded before import = 0
Number of asset objects unloaded after import = 0
========================================================================
Received Prepare
Caller must complete domain reload
Begin MonoManager ReloadAssembly
- Loaded All Assemblies, in  4.029 seconds
Native extension for WindowsStandalone target not found
Native extension for WebGL target not found
Mono: successfully reloaded assembly
- Finished resetting the current domain, in 31.286 seconds
Domain Reload Profiling: 35331ms
	BeginReloadAssembly (1278ms)
		ExecutionOrderSort (0ms)
		DisableScriptedObjects (36ms)
		BackupInstance (0ms)
		ReleaseScriptingObjects (0ms)
		CreateAndSetChildDomain (79ms)
	RebuildCommonClasses (266ms)
	RebuildNativeTypeToScriptingClass (81ms)
	initialDomainReloadingComplete (243ms)
	LoadAllAssembliesAndSetupDomain (2163ms)
		LoadAssemblies (2452ms)
		RebuildTransferFunctionScriptingTraits (0ms)
		AnalyzeDomain (125ms)
			TypeCache.Refresh (65ms)
				TypeCache.ScanAssembly (0ms)
			ScanForSourceGeneratedMonoScriptInfo (0ms)
			ResolveRequiredComponents (43ms)
	FinalizeReload (31300ms)
		ReleaseScriptCaches (0ms)
		RebuildScriptCaches (0ms)
		SetupLoadedEditorAssemblies (16204ms)
			LogAssemblyErrors (0ms)
			InitializePlatformSupportModulesInManaged (588ms)
			SetLoadedEditorAssemblies (110ms)
			RefreshPlugins (0ms)
			BeforeProcessingInitializeOnLoad (3890ms)
			ProcessInitializeOnLoadAttributes (11122ms)
			ProcessInitializeOnLoadMethodAttributes (450ms)
			AfterProcessingInitializeOnLoad (43ms)
			EditorAssembliesLoaded (1ms)
		ExecutionOrderSort2 (0ms)
		AwakeInstancesAfterBackupRestoration (107ms)
Refreshing native plugins compatible for Editor in 36.52 ms, found 0 plugins.
Preloading 0 native plugins for Editor in 0.00 ms.
Unloading 735 Unused Serialized files (Serialized files now loaded: 0)
Unloading 6 unused Assets / (24.5 KB). Loaded Objects now: 1218.
Memory consumption went from 63.8 MB to 63.8 MB.
Total: 44.129692 ms (FindLiveObjects: 0.240750 ms CreateObjectMapping: 4.979141 ms MarkObjects: 38.798659 ms  DeleteObjects: 0.108064 ms)

Prepare: number of updated asset objects reloaded= 0
AssetImportParameters requested are different than current active one (requested -> active):
  custom:video-encoder-webm-vp8: eb34c28f22e8b96e1ab97ce403110664 -> 
  custom:video-decoder-webm-vp8: 9c59270c3fd7afecdb556c50c9e8de78 -> 
  custom:audio-decoder-ogg-vorbis: bf7c407c2cedff20999df2af8eb42d56 -> 
  custom:video-decoder-ogg-theora: a1e56fd34408186e4bbccfd4996cb3dc -> 
  custom:audio-encoder-webm-vorbis: bf7c407c2cedff20999df2af8eb42d56 -> 
  custom:SearchIndexIgnoredProperties: e643bd26f0fe6173181afceb89e7c659 -> 
  custom:container-demuxer-ogg: 62fdf1f143b41e24485cea50d1cbac27 -> 
  custom:AudioImporter_EditorPlatform: d09bf68614088b80899f8185d706f6e7 -> 
  custom:CustomObjectIndexerAttribute: 9a22284fe3817be447336de3de66b15e -> 
  custom:framework-win-MediaFoundation: 216162199b28c13a410421893ffa2e32 -> 
  custom:container-demuxer-webm: 4f35f7cbe854078d1ac9338744f61a02 -> 
  custom:container-muxer-webm: aa71ff27fc2769a1b78a27578f13a17b -> 
  custom:video-codec-MediaFoundation-h265: 55f8c8538cf0483ab7069ead6b737db2 -> 
========================================================================
Received Import Request.
  Time since last request: 171.845144 seconds.
  path: Assets/Prefab/Cloud.prefab
  artifactKey: Guid(418fee08969c3894d801a035241fb9b9) Importer(815301076,1909f56bfc062723c751e8b465ee728b)
Start importing Assets/Prefab/Cloud.prefab using Guid(418fee08969c3894d801a035241fb9b9) Importer(815301076,1909f56bfc062723c751e8b465ee728b) [PhysX] Initialized MultithreadedTaskDispatcher with 2 workers.
[PhysX] Initialized MultithreadedTaskDispatcher with 2 workers.
 -> (artifact id: '4722c8dd7d7787135c64fd73b1114c59') in 3.744978 seconds
Number of updated asset objects reloaded before import = 0
Number of asset objects unloaded after import = 25
========================================================================
Received Import Request.
  Time since last request: 0.024430 seconds.
  path: Assets/Prefab/Obstacle 1.prefab
  artifactKey: Guid(49df3899e327f7246baaa764057e5f9a) Importer(815301076,1909f56bfc062723c751e8b465ee728b)
Start importing Assets/Prefab/Obstacle 1.prefab using Guid(49df3899e327f7246baaa764057e5f9a) Importer(815301076,1909f56bfc062723c751e8b465ee728b) [PhysX] Initialized MultithreadedTaskDispatcher with 2 workers.
[PhysX] Initialized MultithreadedTaskDispatcher with 2 workers.
 -> (artifact id: '180f13f6028c3cbdfe600faeddf21187') in 0.321518 seconds
Number of updated asset objects reloaded before import = 0
Number of asset objects unloaded after import = 30
========================================================================
Received Prepare
Caller must complete domain reload
Begin MonoManager ReloadAssembly
- Loaded All Assemblies, in 41.866 seconds
Native extension for WindowsStandalone target not found
Native extension for WebGL target not found
Mono: successfully reloaded assembly
- Finished resetting the current domain, in  2.409 seconds
Domain Reload Profiling: 44255ms
	BeginReloadAssembly (32675ms)
		ExecutionOrderSort (0ms)
		DisableScriptedObjects (35ms)
		BackupInstance (0ms)
		ReleaseScriptingObjects (1ms)
		CreateAndSetChildDomain (1215ms)
	RebuildCommonClasses (189ms)
	RebuildNativeTypeToScriptingClass (210ms)
	initialDomainReloadingComplete (903ms)
	LoadAllAssembliesAndSetupDomain (7868ms)
		LoadAssemblies (8089ms)
		RebuildTransferFunctionScriptingTraits (0ms)
		AnalyzeDomain (30ms)
			TypeCache.Refresh (22ms)
				TypeCache.ScanAssembly (0ms)
			ScanForSourceGeneratedMonoScriptInfo (0ms)
			ResolveRequiredComponents (4ms)
	FinalizeReload (2411ms)
		ReleaseScriptCaches (0ms)
		RebuildScriptCaches (0ms)
		SetupLoadedEditorAssemblies (808ms)
			LogAssemblyErrors (0ms)
			InitializePlatformSupportModulesInManaged (15ms)
			SetLoadedEditorAssemblies (8ms)
			RefreshPlugins (0ms)
			BeforeProcessingInitializeOnLoad (128ms)
			ProcessInitializeOnLoadAttributes (551ms)
			ProcessInitializeOnLoadMethodAttributes (97ms)
			AfterProcessingInitializeOnLoad (9ms)
			EditorAssembliesLoaded (0ms)
		ExecutionOrderSort2 (0ms)
		AwakeInstancesAfterBackupRestoration (15ms)
Refreshing native plugins compatible for Editor in 2.55 ms, found 0 plugins.
Preloading 0 native plugins for Editor in 0.00 ms.
Unloading 735 Unused Serialized files (Serialized files now loaded: 0)
Unloading 6 unused Assets / (24.5 KB). Loaded Objects now: 1229.
Memory consumption went from 67.9 MB to 67.9 MB.
Total: 5.655566 ms (FindLiveObjects: 0.160728 ms CreateObjectMapping: 0.036933 ms MarkObjects: 5.373437 ms  DeleteObjects: 0.081732 ms)

Prepare: number of updated asset objects reloaded= 0
AssetImportParameters requested are different than current active one (requested -> active):
  custom:video-encoder-webm-vp8: eb34c28f22e8b96e1ab97ce403110664 -> 
  custom:video-decoder-webm-vp8: 9c59270c3fd7afecdb556c50c9e8de78 -> 
  custom:audio-decoder-ogg-vorbis: bf7c407c2cedff20999df2af8eb42d56 -> 
  custom:video-decoder-ogg-theora: a1e56fd34408186e4bbccfd4996cb3dc -> 
  custom:audio-encoder-webm-vorbis: bf7c407c2cedff20999df2af8eb42d56 -> 
  custom:SearchIndexIgnoredProperties: e643bd26f0fe6173181afceb89e7c659 -> 
  custom:container-demuxer-ogg: 62fdf1f143b41e24485cea50d1cbac27 -> 
  custom:AudioImporter_EditorPlatform: d09bf68614088b80899f8185d706f6e7 -> 
  custom:CustomObjectIndexerAttribute: 9a22284fe3817be447336de3de66b15e -> 
  custom:framework-win-MediaFoundation: 216162199b28c13a410421893ffa2e32 -> 
  custom:container-demuxer-webm: 4f35f7cbe854078d1ac9338744f61a02 -> 
  custom:container-muxer-webm: aa71ff27fc2769a1b78a27578f13a17b -> 
  custom:video-codec-MediaFoundation-h265: 55f8c8538cf0483ab7069ead6b737db2 -> 
========================================================================
Received Import Request.
  Time since last request: 66.336528 seconds.
  path: Assets/Background.png
  artifactKey: Guid(ff66cfff528c2c143812e86ba1e4b177) Importer(2089858483,0ecaa5967403d082aa24f35e1b516d23)
Start importing Assets/Background.png using Guid(ff66cfff528c2c143812e86ba1e4b177) Importer(2089858483,0ecaa5967403d082aa24f35e1b516d23) [PhysX] Initialized MultithreadedTaskDispatcher with 2 workers.
 -> (artifact id: 'd7a19acdb6c4098f3d7d2902d7d5c833') in 1.940519 seconds
Number of updated asset objects reloaded before import = 0
Number of asset objects unloaded after import = 3
========================================================================
Received Import Request.
  Time since last request: 0.000053 seconds.
  path: Assets/Image/PipeHead.png
  artifactKey: Guid(20fa42605736c2446949e6cc7e0a219b) Importer(2089858483,0ecaa5967403d082aa24f35e1b516d23)
Start importing Assets/Image/PipeHead.png using Guid(20fa42605736c2446949e6cc7e0a219b) Importer(2089858483,0ecaa5967403d082aa24f35e1b516d23) [PhysX] Initialized MultithreadedTaskDispatcher with 2 workers.
 -> (artifact id: '2f136bfe2a052d242847890702234f41') in 0.178311 seconds
Number of updated asset objects reloaded before import = 0
Number of asset objects unloaded after import = 3
========================================================================
Received Import Request.
  Time since last request: 0.000439 seconds.
  path: Assets/Sound/sfx_swooshing.mp3
  artifactKey: Guid(ac210d32677d7ed41a290eb36591abfd) Importer(2089858483,0ecaa5967403d082aa24f35e1b516d23)
Start importing Assets/Sound/sfx_swooshing.mp3 using Guid(ac210d32677d7ed41a290eb36591abfd) Importer(2089858483,0ecaa5967403d082aa24f35e1b516d23) [PhysX] Initialized MultithreadedTaskDispatcher with 2 workers.
 -> (artifact id: '4f32925a139f60512e02a003a1c3783d') in 0.819439 seconds
Number of updated asset objects reloaded before import = 0
Number of asset objects unloaded after import = 1
========================================================================
Received Import Request.
  Time since last request: 0.012806 seconds.
  path: Assets/Animation/MenuBackground.anim
  artifactKey: Guid(4997ac4465b5da84c92efa97394f546a) Importer(2089858483,0ecaa5967403d082aa24f35e1b516d23)
Start importing Assets/Animation/MenuBackground.anim using Guid(4997ac4465b5da84c92efa97394f546a) Importer(2089858483,0ecaa5967403d082aa24f35e1b516d23) [PhysX] Initialized MultithreadedTaskDispatcher with 2 workers.
 -> (artifact id: '86db6dbabaca9327f15588e5e87ec341') in 0.332467 seconds
Number of updated asset objects reloaded before import = 0
Number of asset objects unloaded after import = 1
========================================================================
Received Import Request.
  Time since last request: 0.001913 seconds.
  path: Assets/Image/Flag.prefab
  artifactKey: Guid(eb91c67344c5d4f4a8be6e288113ab61) Importer(2089858483,0ecaa5967403d082aa24f35e1b516d23)
Start importing Assets/Image/Flag.prefab using Guid(eb91c67344c5d4f4a8be6e288113ab61) Importer(2089858483,0ecaa5967403d082aa24f35e1b516d23) [PhysX] Initialized MultithreadedTaskDispatcher with 2 workers.
 -> (artifact id: '158d6c6c7f25e9d7daa78e7835815824') in 0.398805 seconds
Number of updated asset objects reloaded before import = 0
Number of asset objects unloaded after import = 14
========================================================================
Received Import Request.
  Time since last request: 0.001319 seconds.
  path: Assets/Sound/ouch.mp3
  artifactKey: Guid(9ef27d5c905bfc24892aaca8dd43a2a3) Importer(2089858483,0ecaa5967403d082aa24f35e1b516d23)
Start importing Assets/Sound/ouch.mp3 using Guid(9ef27d5c905bfc24892aaca8dd43a2a3) Importer(2089858483,0ecaa5967403d082aa24f35e1b516d23) [PhysX] Initialized MultithreadedTaskDispatcher with 2 workers.
 -> (artifact id: 'c917ca7e6c85c51762e1619d328fca9c') in 0.702796 seconds
Number of updated asset objects reloaded before import = 0
Number of asset objects unloaded after import = 1
========================================================================
Received Import Request.
  Time since last request: 0.001729 seconds.
  path: Assets/Animation/PlayBird.anim
  artifactKey: Guid(fc7e184837893d04894b2061b6b08550) Importer(2089858483,0ecaa5967403d082aa24f35e1b516d23)
Start importing Assets/Animation/PlayBird.anim using Guid(fc7e184837893d04894b2061b6b08550) Importer(2089858483,0ecaa5967403d082aa24f35e1b516d23) [PhysX] Initialized MultithreadedTaskDispatcher with 2 workers.
 -> (artifact id: '8ab4e70037f1d59ed6079d7d87704c07') in 0.180666 seconds
Number of updated asset objects reloaded before import = 0
Number of asset objects unloaded after import = 1
========================================================================
Received Import Request.
  Time since last request: 0.000981 seconds.
  path: Assets/Image/instructions.png
  artifactKey: Guid(f13141d277a16f24c9fbbcd5d62c3128) Importer(2089858483,0ecaa5967403d082aa24f35e1b516d23)
Start importing Assets/Image/instructions.png using Guid(f13141d277a16f24c9fbbcd5d62c3128) Importer(2089858483,0ecaa5967403d082aa24f35e1b516d23) [PhysX] Initialized MultithreadedTaskDispatcher with 2 workers.
 -> (artifact id: 'e07b3cab249d53d741bde35817cc4633') in 0.182741 seconds
Number of updated asset objects reloaded before import = 0
Number of asset objects unloaded after import = 3
========================================================================
Received Import Request.
  Time since last request: 0.002777 seconds.
  path: Assets/Sound/ground-hit.mp3
  artifactKey: Guid(0109d95b742c9d64eacd09a6b8a2d831) Importer(2089858483,0ecaa5967403d082aa24f35e1b516d23)
Start importing Assets/Sound/ground-hit.mp3 using Guid(0109d95b742c9d64eacd09a6b8a2d831) Importer(2089858483,0ecaa5967403d082aa24f35e1b516d23) [PhysX] Initialized MultithreadedTaskDispatcher with 2 workers.
 -> (artifact id: 'a1f1299226e2770a0e87f49954602e87') in 0.467927 seconds
Number of updated asset objects reloaded before import = 0
Number of asset objects unloaded after import = 1
========================================================================
Received Import Request.
  Time since last request: 0.000612 seconds.
  path: Assets/Scene/Menu.unity
  artifactKey: Guid(61ff20cfea5f67c438e39c1878578e6e) Importer(2089858483,0ecaa5967403d082aa24f35e1b516d23)
Start importing Assets/Scene/Menu.unity using Guid(61ff20cfea5f67c438e39c1878578e6e) Importer(2089858483,0ecaa5967403d082aa24f35e1b516d23) [PhysX] Initialized MultithreadedTaskDispatcher with 2 workers.
 -> (artifact id: 'b512f7625c1345ff53f2a8b41bc4b3be') in 0.143011 seconds
Number of updated asset objects reloaded before import = 0
Number of asset objects unloaded after import = 1
========================================================================
Received Import Request.
  Time since last request: 0.001058 seconds.
  path: Assets/Image/Logo Universitas Widyatama.png
  artifactKey: Guid(3a6edd9cf4b42d143ab297cbc4618b6c) Importer(2089858483,0ecaa5967403d082aa24f35e1b516d23)
Start importing Assets/Image/Logo Universitas Widyatama.png using Guid(3a6edd9cf4b42d143ab297cbc4618b6c) Importer(2089858483,0ecaa5967403d082aa24f35e1b516d23) [PhysX] Initialized MultithreadedTaskDispatcher with 2 workers.
 -> (artifact id: '59ee3e8b404fdca2ed276968894ef749') in 0.188193 seconds
Number of updated asset objects reloaded before import = 0
Number of asset objects unloaded after import = 3
========================================================================
Received Import Request.
  Time since last request: 0.001218 seconds.
  path: Assets/Script/Cloud.cs
  artifactKey: Guid(672d0705e25d8304a8c1ee9af1580d4e) Importer(2089858483,0ecaa5967403d082aa24f35e1b516d23)
Start importing Assets/Script/Cloud.cs using Guid(672d0705e25d8304a8c1ee9af1580d4e) Importer(2089858483,0ecaa5967403d082aa24f35e1b516d23) [PhysX] Initialized MultithreadedTaskDispatcher with 2 workers.
 -> (artifact id: '61e0980bb8beeafa1cbc6196739727d0') in 0.097110 seconds
Number of updated asset objects reloaded before import = 0
Number of asset objects unloaded after import = 1
========================================================================
Received Import Request.
  Time since last request: 0.002174 seconds.
  path: Assets/Script/Menu.cs
  artifactKey: Guid(91cb504341ec5a84eb71c9a5505b4080) Importer(2089858483,0ecaa5967403d082aa24f35e1b516d23)
Start importing Assets/Script/Menu.cs using Guid(91cb504341ec5a84eb71c9a5505b4080) Importer(2089858483,0ecaa5967403d082aa24f35e1b516d23) [PhysX] Initialized MultithreadedTaskDispatcher with 2 workers.
 -> (artifact id: 'b83f6c050de8da151bac22e29b6a2716') in 0.211717 seconds
Number of updated asset objects reloaded before import = 0
Number of asset objects unloaded after import = 1
========================================================================
Received Import Request.
  Time since last request: 0.001557 seconds.
  path: Assets/Script/Player.cs
  artifactKey: Guid(1eaced57cd46a444c8a365a3c7ee2024) Importer(2089858483,0ecaa5967403d082aa24f35e1b516d23)
Start importing Assets/Script/Player.cs using Guid(1eaced57cd46a444c8a365a3c7ee2024) Importer(2089858483,0ecaa5967403d082aa24f35e1b516d23) [PhysX] Initialized MultithreadedTaskDispatcher with 2 workers.
 -> (artifact id: 'c9a8b8e34ecbfb56995f316ebb780560') in 0.064042 seconds
Number of updated asset objects reloaded before import = 0
Number of asset objects unloaded after import = 1
========================================================================
Received Import Request.
  Time since last request: 0.003255 seconds.
  path: Assets/Sound/sfx_hit.mp3
  artifactKey: Guid(e48bfb5e2cc797747a6a5c06baa01f34) Importer(2089858483,0ecaa5967403d082aa24f35e1b516d23)
Start importing Assets/Sound/sfx_hit.mp3 using Guid(e48bfb5e2cc797747a6a5c06baa01f34) Importer(2089858483,0ecaa5967403d082aa24f35e1b516d23) [PhysX] Initialized MultithreadedTaskDispatcher with 2 workers.
 -> (artifact id: 'd71dfc338358187a54372415872b9bdf') in 0.580172 seconds
Number of updated asset objects reloaded before import = 0
Number of asset objects unloaded after import = 1
========================================================================
Received Import Request.
  Time since last request: 0.004432 seconds.
  path: Assets/Animation/Ground.anim
  artifactKey: Guid(2f9340e8339021643915a7a84a89d283) Importer(2089858483,0ecaa5967403d082aa24f35e1b516d23)
Start importing Assets/Animation/Ground.anim using Guid(2f9340e8339021643915a7a84a89d283) Importer(2089858483,0ecaa5967403d082aa24f35e1b516d23) [PhysX] Initialized MultithreadedTaskDispatcher with 2 workers.
 -> (artifact id: 'e55c0ca3b8f0d7cfddee6cb45b7ed946') in 0.164428 seconds
Number of updated asset objects reloaded before import = 0
Number of asset objects unloaded after import = 1
========================================================================
Received Import Request.
  Time since last request: 0.002609 seconds.
  path: Assets/Animation/Player.anim
  artifactKey: Guid(c39b9e786c3ba1d40b75daec8381dbca) Importer(2089858483,0ecaa5967403d082aa24f35e1b516d23)
Start importing Assets/Animation/Player.anim using Guid(c39b9e786c3ba1d40b75daec8381dbca) Importer(2089858483,0ecaa5967403d082aa24f35e1b516d23) [PhysX] Initialized MultithreadedTaskDispatcher with 2 workers.
 -> (artifact id: '8bbe8691989300edb08c2f94e74d2094') in 0.185312 seconds
Number of updated asset objects reloaded before import = 0
Number of asset objects unloaded after import = 1
========================================================================
Received Import Request.
  Time since last request: 0.000600 seconds.
  path: Assets/Image/get-ready.png
  artifactKey: Guid(8d199a95b1717eb4092eb49904690d96) Importer(2089858483,0ecaa5967403d082aa24f35e1b516d23)
Start importing Assets/Image/get-ready.png using Guid(8d199a95b1717eb4092eb49904690d96) Importer(2089858483,0ecaa5967403d082aa24f35e1b516d23) [PhysX] Initialized MultithreadedTaskDispatcher with 2 workers.
 -> (artifact id: '62b2fc2891dfde0e00c52b7cc71a31fe') in 0.545253 seconds
Number of updated asset objects reloaded before import = 0
Number of asset objects unloaded after import = 3
========================================================================
Received Import Request.
  Time since last request: 0.001319 seconds.
  path: Assets/Animation/Cloud.anim
  artifactKey: Guid(4f0414ad25a62b94698d2a9c2e91ee07) Importer(2089858483,0ecaa5967403d082aa24f35e1b516d23)
Start importing Assets/Animation/Cloud.anim using Guid(4f0414ad25a62b94698d2a9c2e91ee07) Importer(2089858483,0ecaa5967403d082aa24f35e1b516d23) [PhysX] Initialized MultithreadedTaskDispatcher with 2 workers.
 -> (artifact id: 'c8577d667774bd5282693cf670f0b4a8') in 0.140147 seconds
Number of updated asset objects reloaded before import = 0
Number of asset objects unloaded after import = 1
========================================================================
Received Import Request.
  Time since last request: 0.001042 seconds.
  path: Assets/Image/medals.png
  artifactKey: Guid(56e7c15005b5da944a7c77f9befe01d8) Importer(2089858483,0ecaa5967403d082aa24f35e1b516d23)
Start importing Assets/Image/medals.png using Guid(56e7c15005b5da944a7c77f9befe01d8) Importer(2089858483,0ecaa5967403d082aa24f35e1b516d23) [PhysX] Initialized MultithreadedTaskDispatcher with 2 workers.
 -> (artifact id: '42826b83182ccfca59d3ed97d3e64da8') in 0.165463 seconds
Number of updated asset objects reloaded before import = 0
Number of asset objects unloaded after import = 4
========================================================================
Received Import Request.
  Time since last request: 0.001773 seconds.
  path: Assets/Animation/Cloud.controller
  artifactKey: Guid(a8adb5a4e7694e741bb7950db9b90d9b) Importer(2089858483,0ecaa5967403d082aa24f35e1b516d23)
Start importing Assets/Animation/Cloud.controller using Guid(a8adb5a4e7694e741bb7950db9b90d9b) Importer(2089858483,0ecaa5967403d082aa24f35e1b516d23) [PhysX] Initialized MultithreadedTaskDispatcher with 2 workers.
 -> (artifact id: 'b3fbb37346992a3ebd7e083365cf2173') in 0.436982 seconds
Number of updated asset objects reloaded before import = 0
Number of asset objects unloaded after import = 4
========================================================================
Received Import Request.
  Time since last request: 0.001514 seconds.
  path: Assets/Animation/Cloud 1.controller
  artifactKey: Guid(742667415c6412a4f840315db6ea1a64) Importer(2089858483,0ecaa5967403d082aa24f35e1b516d23)
Start importing Assets/Animation/Cloud 1.controller using Guid(742667415c6412a4f840315db6ea1a64) Importer(2089858483,0ecaa5967403d082aa24f35e1b516d23) [PhysX] Initialized MultithreadedTaskDispatcher with 2 workers.
 -> (artifact id: '263a8ef526f477f23ecb82a9f75f06e7') in 0.565334 seconds
Number of updated asset objects reloaded before import = 0
Number of asset objects unloaded after import = 4
========================================================================
Received Import Request.
  Time since last request: 0.077336 seconds.
  path: Assets/Animation/Platform.controller
  artifactKey: Guid(ffb868461115d8c40b96a58a376a347d) Importer(2089858483,0ecaa5967403d082aa24f35e1b516d23)
Start importing Assets/Animation/Platform.controller using Guid(ffb868461115d8c40b96a58a376a347d) Importer(2089858483,0ecaa5967403d082aa24f35e1b516d23) [PhysX] Initialized MultithreadedTaskDispatcher with 2 workers.
 -> (artifact id: '5b5dfa8c5144cf74161a3bd5ed21a3b7') in 0.193132 seconds
Number of updated asset objects reloaded before import = 0
Number of asset objects unloaded after import = 1
========================================================================
Received Import Request.
  Time since last request: 0.010758 seconds.
  path: Assets/Image/pngegg.png
  artifactKey: Guid(bbcd685da96f14d40884a226fc7c8496) Importer(815301076,1909f56bfc062723c751e8b465ee728b)
Start importing Assets/Image/pngegg.png using Guid(bbcd685da96f14d40884a226fc7c8496) Importer(815301076,1909f56bfc062723c751e8b465ee728b) [PhysX] Initialized MultithreadedTaskDispatcher with 2 workers.
[PhysX] Initialized MultithreadedTaskDispatcher with 2 workers.
 -> (artifact id: 'cd1b36173993c5f879321b2a5971f635') in 1.269081 seconds
Number of updated asset objects reloaded before import = 0
Number of asset objects unloaded after import = 3
========================================================================
Received Import Request.
  Time since last request: 0.006186 seconds.
  path: Assets/Image/Clouds_1.png
  artifactKey: Guid(8be46f7551fc0be4ea9141d0f64dbfa5) Importer(2089858483,0ecaa5967403d082aa24f35e1b516d23)
Start importing Assets/Image/Clouds_1.png using Guid(8be46f7551fc0be4ea9141d0f64dbfa5) Importer(2089858483,0ecaa5967403d082aa24f35e1b516d23) [PhysX] Initialized MultithreadedTaskDispatcher with 2 workers.
 -> (artifact id: '70f8fd048a8d49b0b41cee15b916f660') in 0.330384 seconds
Number of updated asset objects reloaded before import = 0
Number of asset objects unloaded after import = 3
========================================================================
Received Import Request.
  Time since last request: 0.004602 seconds.
  path: Assets/Animation/Cloud 2.controller
  artifactKey: Guid(384f4256330b49f48ab4eb077b07f7f6) Importer(2089858483,0ecaa5967403d082aa24f35e1b516d23)
Start importing Assets/Animation/Cloud 2.controller using Guid(384f4256330b49f48ab4eb077b07f7f6) Importer(2089858483,0ecaa5967403d082aa24f35e1b516d23) [PhysX] Initialized MultithreadedTaskDispatcher with 2 workers.
 -> (artifact id: '5d722ada5dd360e15ea9f1e93f1a1f63') in 0.247806 seconds
Number of updated asset objects reloaded before import = 0
Number of asset objects unloaded after import = 4
========================================================================
Received Import Request.
  Time since last request: 0.017501 seconds.
  path: Assets/Animation/Player.controller
  artifactKey: Guid(31a5bd0fe4ead1c4ea4c7e6b4efe979d) Importer(2089858483,0ecaa5967403d082aa24f35e1b516d23)
Start importing Assets/Animation/Player.controller using Guid(31a5bd0fe4ead1c4ea4c7e6b4efe979d) Importer(2089858483,0ecaa5967403d082aa24f35e1b516d23) [PhysX] Initialized MultithreadedTaskDispatcher with 2 workers.
 -> (artifact id: '0cc793ce5741f3e751bdfc4f0db5a706') in 0.168246 seconds
Number of updated asset objects reloaded before import = 0
Number of asset objects unloaded after import = 4
========================================================================
Received Import Request.
  Time since last request: 0.000950 seconds.
  path: Assets/Image/BirdFlap.png
  artifactKey: Guid(5bb666d56c71b364fb295a762d2be11e) Importer(2089858483,0ecaa5967403d082aa24f35e1b516d23)
Start importing Assets/Image/BirdFlap.png using Guid(5bb666d56c71b364fb295a762d2be11e) Importer(2089858483,0ecaa5967403d082aa24f35e1b516d23) [PhysX] Initialized MultithreadedTaskDispatcher with 2 workers.
 -> (artifact id: '41783a844acbaa5d86e734795f424b20') in 0.155142 seconds
Number of updated asset objects reloaded before import = 0
Number of asset objects unloaded after import = 3
========================================================================
Received Import Request.
  Time since last request: 0.000953 seconds.
  path: Assets/Sound/sfx_wing.mp3
  artifactKey: Guid(14044e32d2eca554bb748069e9688def) Importer(2089858483,0ecaa5967403d082aa24f35e1b516d23)
Start importing Assets/Sound/sfx_wing.mp3 using Guid(14044e32d2eca554bb748069e9688def) Importer(2089858483,0ecaa5967403d082aa24f35e1b516d23) [PhysX] Initialized MultithreadedTaskDispatcher with 2 workers.
 -> (artifact id: 'c51689b86889221f1c44cf2fe6519c41') in 0.352570 seconds
Number of updated asset objects reloaded before import = 0
Number of asset objects unloaded after import = 1
========================================================================
Received Import Request.
  Time since last request: 0.000341 seconds.
  path: Assets/Image/pngegg.png
  artifactKey: Guid(bbcd685da96f14d40884a226fc7c8496) Importer(2089858483,0ecaa5967403d082aa24f35e1b516d23)
Start importing Assets/Image/pngegg.png using Guid(bbcd685da96f14d40884a226fc7c8496) Importer(2089858483,0ecaa5967403d082aa24f35e1b516d23) [PhysX] Initialized MultithreadedTaskDispatcher with 2 workers.
 -> (artifact id: 'e68427b9222decf6bc1af55c633552d2') in 0.477133 seconds
Number of updated asset objects reloaded before import = 0
Number of asset objects unloaded after import = 3
========================================================================
Received Import Request.
  Time since last request: 0.097989 seconds.
  path: Assets/Animation/Ground 3.controller
  artifactKey: Guid(05edd0863b81a044eb0ab9feb4b15055) Importer(2089858483,0ecaa5967403d082aa24f35e1b516d23)
Start importing Assets/Animation/Ground 3.controller using Guid(05edd0863b81a044eb0ab9feb4b15055) Importer(2089858483,0ecaa5967403d082aa24f35e1b516d23) [PhysX] Initialized MultithreadedTaskDispatcher with 2 workers.
 -> (artifact id: 'b77d8eb8c58e04f04fd673831d3a805e') in 0.247959 seconds
Number of updated asset objects reloaded before import = 0
Number of asset objects unloaded after import = 4
========================================================================
Received Import Request.
  Time since last request: 0.001468 seconds.
  path: Assets/Image/Background.png
  artifactKey: Guid(49a56f9fb8e5a374db15ac06ba99ed79) Importer(2089858483,0ecaa5967403d082aa24f35e1b516d23)
Start importing Assets/Image/Background.png using Guid(49a56f9fb8e5a374db15ac06ba99ed79) Importer(2089858483,0ecaa5967403d082aa24f35e1b516d23) [PhysX] Initialized MultithreadedTaskDispatcher with 2 workers.
 -> (artifact id: 'bf74cfbf480073071b610f2e6eee36e7') in 0.248642 seconds
Number of updated asset objects reloaded before import = 0
Number of asset objects unloaded after import = 3
========================================================================
Received Import Request.
  Time since last request: 0.001509 seconds.
  path: Assets/Script/Splash.cs
  artifactKey: Guid(47d6c299585dbd2409e24f822bf5959a) Importer(2089858483,0ecaa5967403d082aa24f35e1b516d23)
Start importing Assets/Script/Splash.cs using Guid(47d6c299585dbd2409e24f822bf5959a) Importer(2089858483,0ecaa5967403d082aa24f35e1b516d23) [PhysX] Initialized MultithreadedTaskDispatcher with 2 workers.
 -> (artifact id: 'ad17511a9d3f735d08526ebbe1c7d6d0') in 0.159122 seconds
Number of updated asset objects reloaded before import = 0
Number of asset objects unloaded after import = 1
========================================================================
Received Import Request.
  Time since last request: 0.001513 seconds.
  path: Assets/Animation/Platform.anim
  artifactKey: Guid(ebd6f05fefff12e4689f1a8582b59682) Importer(2089858483,0ecaa5967403d082aa24f35e1b516d23)
Start importing Assets/Animation/Platform.anim using Guid(ebd6f05fefff12e4689f1a8582b59682) Importer(2089858483,0ecaa5967403d082aa24f35e1b516d23) [PhysX] Initialized MultithreadedTaskDispatcher with 2 workers.
 -> (artifact id: 'd9513c1ecfd0af9f11b5865b2ee7f6a6') in 0.241262 seconds
Number of updated asset objects reloaded before import = 0
Number of asset objects unloaded after import = 1
========================================================================
Received Import Request.
  Time since last request: 0.004481 seconds.
  path: Assets/Sound/flap.mp3
  artifactKey: Guid(762ecf430954db74c905fae45f4bf1a7) Importer(2089858483,0ecaa5967403d082aa24f35e1b516d23)
Start importing Assets/Sound/flap.mp3 using Guid(762ecf430954db74c905fae45f4bf1a7) Importer(2089858483,0ecaa5967403d082aa24f35e1b516d23) [PhysX] Initialized MultithreadedTaskDispatcher with 2 workers.
 -> (artifact id: '75ff9181b0fe80263ed3e811ea87a2e8') in 0.486598 seconds
Number of updated asset objects reloaded before import = 0
Number of asset objects unloaded after import = 1
========================================================================
Received Import Request.
  Time since last request: 0.003299 seconds.
  path: Assets/Font/flappy bird.TTF
  artifactKey: Guid(c0a1fd29493c812489d2000b0965ec6c) Importer(2089858483,0ecaa5967403d082aa24f35e1b516d23)
Start importing Assets/Font/flappy bird.TTF using Guid(c0a1fd29493c812489d2000b0965ec6c) Importer(2089858483,0ecaa5967403d082aa24f35e1b516d23) [PhysX] Initialized MultithreadedTaskDispatcher with 2 workers.
 -> (artifact id: '8c622575578995227ad86f9a0a2874c6') in 0.486845 seconds
Number of updated asset objects reloaded before import = 0
Number of asset objects unloaded after import = 3
========================================================================
Received Import Request.
  Time since last request: 0.001203 seconds.
  path: Assets/Image/BirdFlapWhite.png
  artifactKey: Guid(f77efeb9ba2f65043a65cb4f2d072189) Importer(2089858483,0ecaa5967403d082aa24f35e1b516d23)
Start importing Assets/Image/BirdFlapWhite.png using Guid(f77efeb9ba2f65043a65cb4f2d072189) Importer(2089858483,0ecaa5967403d082aa24f35e1b516d23) [PhysX] Initialized MultithreadedTaskDispatcher with 2 workers.
 -> (artifact id: 'be496d52b0420c511e2c1cdd55e799f6') in 0.388268 seconds
Number of updated asset objects reloaded before import = 0
Number of asset objects unloaded after import = 3
========================================================================
Received Import Request.
  Time since last request: 0.000791 seconds.
  path: Assets/Image/scoreboard.png
  artifactKey: Guid(00be4f9e655f53740a494e63276ab23f) Importer(2089858483,0ecaa5967403d082aa24f35e1b516d23)
Start importing Assets/Image/scoreboard.png using Guid(00be4f9e655f53740a494e63276ab23f) Importer(2089858483,0ecaa5967403d082aa24f35e1b516d23) [PhysX] Initialized MultithreadedTaskDispatcher with 2 workers.
 -> (artifact id: 'ea574078c3f91dd779d60bbc906e48c7') in 0.314948 seconds
Number of updated asset objects reloaded before import = 0
Number of asset objects unloaded after import = 3
========================================================================
Received Import Request.
  Time since last request: 0.002736 seconds.
  path: Assets/Sound/pipe-hit.mp3
  artifactKey: Guid(7c35fb148d37e7746aee3992983c3869) Importer(2089858483,0ecaa5967403d082aa24f35e1b516d23)
Start importing Assets/Sound/pipe-hit.mp3 using Guid(7c35fb148d37e7746aee3992983c3869) Importer(2089858483,0ecaa5967403d082aa24f35e1b516d23) [PhysX] Initialized MultithreadedTaskDispatcher with 2 workers.
 -> (artifact id: '7946a815da28e51ef895a13de848fc39') in 0.953141 seconds
Number of updated asset objects reloaded before import = 0
Number of asset objects unloaded after import = 1
========================================================================
Received Import Request.
  Time since last request: 0.033575 seconds.
  path: Assets/Animation/Background.anim
  artifactKey: Guid(b22f10ce3b47b5d4fb022da761489df4) Importer(2089858483,0ecaa5967403d082aa24f35e1b516d23)
Start importing Assets/Animation/Background.anim using Guid(b22f10ce3b47b5d4fb022da761489df4) Importer(2089858483,0ecaa5967403d082aa24f35e1b516d23) [PhysX] Initialized MultithreadedTaskDispatcher with 2 workers.
 -> (artifact id: 'ba8490c47bf4024ea676c365ea6ac17f') in 0.144104 seconds
Number of updated asset objects reloaded before import = 0
Number of asset objects unloaded after import = 1
========================================================================
Received Import Request.
  Time since last request: 0.021704 seconds.
  path: Assets/Image/Clouds_3.png
  artifactKey: Guid(5ae458852854100409c42066ec7fd9e4) Importer(2089858483,0ecaa5967403d082aa24f35e1b516d23)
Start importing Assets/Image/Clouds_3.png using Guid(5ae458852854100409c42066ec7fd9e4) Importer(2089858483,0ecaa5967403d082aa24f35e1b516d23) [PhysX] Initialized MultithreadedTaskDispatcher with 2 workers.
 -> (artifact id: '180b1bb69d2a7a5615a6851663f3aa8f') in 0.505484 seconds
Number of updated asset objects reloaded before import = 0
Number of asset objects unloaded after import = 3
========================================================================
Received Import Request.
  Time since last request: 0.001021 seconds.
  path: Assets/Image/Bird.png
  artifactKey: Guid(b031d4e48386c29479a5af51efe5d9f2) Importer(2089858483,0ecaa5967403d082aa24f35e1b516d23)
Start importing Assets/Image/Bird.png using Guid(b031d4e48386c29479a5af51efe5d9f2) Importer(2089858483,0ecaa5967403d082aa24f35e1b516d23) [PhysX] Initialized MultithreadedTaskDispatcher with 2 workers.
 -> (artifact id: '4ad75e30bdefb51225975805454fb48b') in 2.398060 seconds
Number of updated asset objects reloaded before import = 0
Number of asset objects unloaded after import = 3
========================================================================
Received Import Request.
  Time since last request: 0.181037 seconds.
  path: Assets/Image/Clouds_2.png
  artifactKey: Guid(db1b57a93552d424abe13efc7e6a14b1) Importer(2089858483,0ecaa5967403d082aa24f35e1b516d23)
Start importing Assets/Image/Clouds_2.png using Guid(db1b57a93552d424abe13efc7e6a14b1) Importer(2089858483,0ecaa5967403d082aa24f35e1b516d23) [PhysX] Initialized MultithreadedTaskDispatcher with 2 workers.
 -> (artifact id: 'bfc40b05e58257f04079ce9d6187be95') in 0.986314 seconds
Number of updated asset objects reloaded before import = 0
Number of asset objects unloaded after import = 3
========================================================================
Received Import Request.
  Time since last request: 0.207338 seconds.
  path: Assets/Image/Assets.png
  artifactKey: Guid(e44e4ce41f9185140a5c77dd7e030808) Importer(2089858483,0ecaa5967403d082aa24f35e1b516d23)
Start importing Assets/Image/Assets.png using Guid(e44e4ce41f9185140a5c77dd7e030808) Importer(2089858483,0ecaa5967403d082aa24f35e1b516d23) [PhysX] Initialized MultithreadedTaskDispatcher with 2 workers.
 -> (artifact id: 'dc40997cb0817c6366f44f982a697f51') in 7.851147 seconds
Number of updated asset objects reloaded before import = 0
Number of asset objects unloaded after import = 83
========================================================================
Received Import Request.
  Time since last request: 0.198374 seconds.
  path: Assets/Animation/Logo.anim
  artifactKey: Guid(ceb980f53a2ec09408c9a95441c7edfb) Importer(2089858483,0ecaa5967403d082aa24f35e1b516d23)
Start importing Assets/Animation/Logo.anim using Guid(ceb980f53a2ec09408c9a95441c7edfb) Importer(2089858483,0ecaa5967403d082aa24f35e1b516d23) [PhysX] Initialized MultithreadedTaskDispatcher with 2 workers.
 -> (artifact id: '1d67ebad8003e94f31d5a598a6d85339') in 0.476827 seconds
Number of updated asset objects reloaded before import = 0
Number of asset objects unloaded after import = 1
========================================================================
Received Import Request.
  Time since last request: 0.000849 seconds.
  path: Assets/Animation/PlayBird.controller
  artifactKey: Guid(d4ab1af5c9bd87846a49cfbc43d78a3a) Importer(2089858483,0ecaa5967403d082aa24f35e1b516d23)
Start importing Assets/Animation/PlayBird.controller using Guid(d4ab1af5c9bd87846a49cfbc43d78a3a) Importer(2089858483,0ecaa5967403d082aa24f35e1b516d23) [PhysX] Initialized MultithreadedTaskDispatcher with 2 workers.
 -> (artifact id: '6700a6f939022f99ed86a6154dacd1a6') in 0.049493 seconds
Number of updated asset objects reloaded before import = 0
Number of asset objects unloaded after import = 2
========================================================================
Received Import Request.
  Time since last request: 0.002264 seconds.
  path: Assets/Font/flappyfont.png
  artifactKey: Guid(a6997c6f36c008f4bb54abe360776077) Importer(2089858483,0ecaa5967403d082aa24f35e1b516d23)
Start importing Assets/Font/flappyfont.png using Guid(a6997c6f36c008f4bb54abe360776077) Importer(2089858483,0ecaa5967403d082aa24f35e1b516d23) [PhysX] Initialized MultithreadedTaskDispatcher with 2 workers.
 -> (artifact id: 'cc5cc2eb439dfb84aa666310b5d76953') in 0.319743 seconds
Number of updated asset objects reloaded before import = 0
Number of asset objects unloaded after import = 66
========================================================================
Received Import Request.
  Time since last request: 0.000459 seconds.
  path: Assets/Image/preloader.gif
  artifactKey: Guid(1d388a3c9b190eb4c8b922520be67c1e) Importer(2089858483,0ecaa5967403d082aa24f35e1b516d23)
Start importing Assets/Image/preloader.gif using Guid(1d388a3c9b190eb4c8b922520be67c1e) Importer(2089858483,0ecaa5967403d082aa24f35e1b516d23) [PhysX] Initialized MultithreadedTaskDispatcher with 2 workers.
 -> (artifact id: '526e975bbb30a5880bdf7b3707eb72ae') in 0.084170 seconds
Number of updated asset objects reloaded before import = 0
Number of asset objects unloaded after import = 3
========================================================================
Received Import Request.
  Time since last request: 0.000397 seconds.
  path: Assets/Image/Border.png
  artifactKey: Guid(864ba50f8a763eb40ab0ea54090e065e) Importer(2089858483,0ecaa5967403d082aa24f35e1b516d23)
Start importing Assets/Image/Border.png using Guid(864ba50f8a763eb40ab0ea54090e065e) Importer(2089858483,0ecaa5967403d082aa24f35e1b516d23) [PhysX] Initialized MultithreadedTaskDispatcher with 2 workers.
 -> (artifact id: '8537dbb12c58fdf60bdd7cdebc403790') in 0.124497 seconds
Number of updated asset objects reloaded before import = 0
Number of asset objects unloaded after import = 3
========================================================================
Received Import Request.
  Time since last request: 0.003088 seconds.
  path: Assets/Script/MoveLeft.cs
  artifactKey: Guid(4e9eb52d14c7558459c338bbc9974f9f) Importer(2089858483,0ecaa5967403d082aa24f35e1b516d23)
Start importing Assets/Script/MoveLeft.cs using Guid(4e9eb52d14c7558459c338bbc9974f9f) Importer(2089858483,0ecaa5967403d082aa24f35e1b516d23) [PhysX] Initialized MultithreadedTaskDispatcher with 2 workers.
 -> (artifact id: '42ea8c1c05b30829812655df79c21b03') in 0.030818 seconds
Number of updated asset objects reloaded before import = 0
Number of asset objects unloaded after import = 1
========================================================================
Received Import Request.
  Time since last request: 0.003288 seconds.
  path: Assets/Animation/MenuPlayer.anim
  artifactKey: Guid(a496bb74bc1d67d4c813d783156ad326) Importer(2089858483,0ecaa5967403d082aa24f35e1b516d23)
Start importing Assets/Animation/MenuPlayer.anim using Guid(a496bb74bc1d67d4c813d783156ad326) Importer(2089858483,0ecaa5967403d082aa24f35e1b516d23) [PhysX] Initialized MultithreadedTaskDispatcher with 2 workers.
 -> (artifact id: '0cf576905d28c50a6446a203a54b5691') in 0.036529 seconds
Number of updated asset objects reloaded before import = 0
Number of asset objects unloaded after import = 1
========================================================================
Received Import Request.
  Time since last request: 0.000569 seconds.
  path: Assets/Prefab/Obstacle 1.prefab
  artifactKey: Guid(49df3899e327f7246baaa764057e5f9a) Importer(2089858483,0ecaa5967403d082aa24f35e1b516d23)
Start importing Assets/Prefab/Obstacle 1.prefab using Guid(49df3899e327f7246baaa764057e5f9a) Importer(2089858483,0ecaa5967403d082aa24f35e1b516d23) [PhysX] Initialized MultithreadedTaskDispatcher with 2 workers.
 -> (artifact id: '6723e95dc59db921d2bda03d8fdd1125') in 0.069102 seconds
Number of updated asset objects reloaded before import = 0
Number of asset objects unloaded after import = 30
========================================================================
Received Import Request.
  Time since last request: 0.002410 seconds.
  path: Assets/Animation/particle.controller
  artifactKey: Guid(7ea9c926a3080da4bb8c7f5cc20e5227) Importer(2089858483,0ecaa5967403d082aa24f35e1b516d23)
Start importing Assets/Animation/particle.controller using Guid(7ea9c926a3080da4bb8c7f5cc20e5227) Importer(2089858483,0ecaa5967403d082aa24f35e1b516d23) [PhysX] Initialized MultithreadedTaskDispatcher with 2 workers.
 -> (artifact id: 'a8ba5e58ded22db236b06a3a14abacdf') in 0.179343 seconds
Number of updated asset objects reloaded before import = 0
Number of asset objects unloaded after import = 4
========================================================================
Received Import Request.
  Time since last request: 0.000546 seconds.
  path: Assets/Prefab/Cloud.prefab
  artifactKey: Guid(418fee08969c3894d801a035241fb9b9) Importer(2089858483,0ecaa5967403d082aa24f35e1b516d23)
Start importing Assets/Prefab/Cloud.prefab using Guid(418fee08969c3894d801a035241fb9b9) Importer(2089858483,0ecaa5967403d082aa24f35e1b516d23) [PhysX] Initialized MultithreadedTaskDispatcher with 2 workers.
 -> (artifact id: '92a97e5e05332b6973c0b4babb3fb7c1') in 0.209530 seconds
Number of updated asset objects reloaded before import = 0
Number of asset objects unloaded after import = 25
========================================================================
Received Import Request.
  Time since last request: 0.000541 seconds.
  path: Assets/Scene/Splash.unity
  artifactKey: Guid(472fa2b05ca42b647a0cdb7c3caeb5ac) Importer(2089858483,0ecaa5967403d082aa24f35e1b516d23)
Start importing Assets/Scene/Splash.unity using Guid(472fa2b05ca42b647a0cdb7c3caeb5ac) Importer(2089858483,0ecaa5967403d082aa24f35e1b516d23) [PhysX] Initialized MultithreadedTaskDispatcher with 2 workers.
 -> (artifact id: '132941c6d558f5e440e0c21e36bd9668') in 0.027367 seconds
Number of updated asset objects reloaded before import = 0
Number of asset objects unloaded after import = 1
========================================================================
Received Import Request.
  Time since last request: 0.001002 seconds.
  path: Assets/Sound/ButtonClick.wav
  artifactKey: Guid(733cc83bbd5310246ab5924c04f926da) Importer(2089858483,0ecaa5967403d082aa24f35e1b516d23)
Start importing Assets/Sound/ButtonClick.wav using Guid(733cc83bbd5310246ab5924c04f926da) Importer(2089858483,0ecaa5967403d082aa24f35e1b516d23) [PhysX] Initialized MultithreadedTaskDispatcher with 2 workers.
 -> (artifact id: '669d0ac5fb30c03290d7e758dfc90b16') in 0.094257 seconds
Number of updated asset objects reloaded before import = 0
Number of asset objects unloaded after import = 1
========================================================================
Received Import Request.
  Time since last request: 0.000519 seconds.
  path: Assets/Sound/score.mp3
  artifactKey: Guid(c5c2ef40ab0672d4c95c3359814d4309) Importer(2089858483,0ecaa5967403d082aa24f35e1b516d23)
Start importing Assets/Sound/score.mp3 using Guid(c5c2ef40ab0672d4c95c3359814d4309) Importer(2089858483,0ecaa5967403d082aa24f35e1b516d23) [PhysX] Initialized MultithreadedTaskDispatcher with 2 workers.
 -> (artifact id: '57e03a7e91d7d7c289c9da588f2715f0') in 0.088078 seconds
Number of updated asset objects reloaded before import = 0
Number of asset objects unloaded after import = 1
========================================================================
Received Import Request.
  Time since last request: 0.000554 seconds.
  path: Assets/Script/Score.cs
  artifactKey: Guid(95651d52a96f7d54989d220954d9e84d) Importer(2089858483,0ecaa5967403d082aa24f35e1b516d23)
Start importing Assets/Script/Score.cs using Guid(95651d52a96f7d54989d220954d9e84d) Importer(2089858483,0ecaa5967403d082aa24f35e1b516d23) [PhysX] Initialized MultithreadedTaskDispatcher with 2 workers.
 -> (artifact id: '2a68779c9e72baa96c117078ff1895ab') in 0.065601 seconds
Number of updated asset objects reloaded before import = 0
Number of asset objects unloaded after import = 1
========================================================================
Received Import Request.
  Time since last request: 0.000538 seconds.
  path: Assets/Animation/Background 1.controller
  artifactKey: Guid(5f52b5de29673954cb3e191a72eb56ee) Importer(2089858483,0ecaa5967403d082aa24f35e1b516d23)
Start importing Assets/Animation/Background 1.controller using Guid(5f52b5de29673954cb3e191a72eb56ee) Importer(2089858483,0ecaa5967403d082aa24f35e1b516d23) [PhysX] Initialized MultithreadedTaskDispatcher with 2 workers.
 -> (artifact id: '92abd6f241bf1f412ed282e1612db369') in 0.062845 seconds
Number of updated asset objects reloaded before import = 0
Number of asset objects unloaded after import = 4
========================================================================
Received Import Request.
  Time since last request: 0.000543 seconds.
  path: Assets/Scene/Play.unity
  artifactKey: Guid(26a2584c7be75314f89df587862f1f8d) Importer(2089858483,0ecaa5967403d082aa24f35e1b516d23)
Start importing Assets/Scene/Play.unity using Guid(26a2584c7be75314f89df587862f1f8d) Importer(2089858483,0ecaa5967403d082aa24f35e1b516d23) [PhysX] Initialized MultithreadedTaskDispatcher with 2 workers.
 -> (artifact id: 'b447b89bba1ad31e8dae78583410132e') in 0.143117 seconds
Number of updated asset objects reloaded before import = 0
Number of asset objects unloaded after import = 1
========================================================================
Received Import Request.
  Time since last request: 0.000233 seconds.
  path: Assets/Animation/Ground 1.controller
  artifactKey: Guid(8f374ceb60ccaba48891ef3bb7ad21fb) Importer(2089858483,0ecaa5967403d082aa24f35e1b516d23)
Start importing Assets/Animation/Ground 1.controller using Guid(8f374ceb60ccaba48891ef3bb7ad21fb) Importer(2089858483,0ecaa5967403d082aa24f35e1b516d23) [PhysX] Initialized MultithreadedTaskDispatcher with 2 workers.
 -> (artifact id: 'f923d6ea51f89fa449c254b483acf07b') in 0.096216 seconds
Number of updated asset objects reloaded before import = 0
Number of asset objects unloaded after import = 4
========================================================================
Received Import Request.
  Time since last request: 0.000049 seconds.
  path: Assets/Script/GameMechanic.cs
  artifactKey: Guid(1ab50b3a94231f1439989a570f4b2cda) Importer(2089858483,0ecaa5967403d082aa24f35e1b516d23)
Start importing Assets/Script/GameMechanic.cs using Guid(1ab50b3a94231f1439989a570f4b2cda) Importer(2089858483,0ecaa5967403d082aa24f35e1b516d23) [PhysX] Initialized MultithreadedTaskDispatcher with 2 workers.
 -> (artifact id: '876af2125ec810e2e0520b5582eaaa26') in 0.097571 seconds
Number of updated asset objects reloaded before import = 0
Number of asset objects unloaded after import = 1
========================================================================
Received Import Request.
  Time since last request: 0.000611 seconds.
  path: Assets/Animation/Ground 4.controller
  artifactKey: Guid(9ab426d7751cf6f4da4a9ee3dd04767e) Importer(2089858483,0ecaa5967403d082aa24f35e1b516d23)
Start importing Assets/Animation/Ground 4.controller using Guid(9ab426d7751cf6f4da4a9ee3dd04767e) Importer(2089858483,0ecaa5967403d082aa24f35e1b516d23) [PhysX] Initialized MultithreadedTaskDispatcher with 2 workers.
 -> (artifact id: 'ab983f9c747104e6b0dcac34e0ef0146') in 0.072371 seconds
Number of updated asset objects reloaded before import = 0
Number of asset objects unloaded after import = 4
========================================================================
Received Import Request.
  Time since last request: 0.000580 seconds.
  path: Assets/Image/BirdFlap_2.png
  artifactKey: Guid(a30168fb0c265da42925e0b8b8683e54) Importer(2089858483,0ecaa5967403d082aa24f35e1b516d23)
Start importing Assets/Image/BirdFlap_2.png using Guid(a30168fb0c265da42925e0b8b8683e54) Importer(2089858483,0ecaa5967403d082aa24f35e1b516d23) [PhysX] Initialized MultithreadedTaskDispatcher with 2 workers.
 -> (artifact id: '338e017a5242de78755245f4f8ed2b4c') in 0.052038 seconds
Number of updated asset objects reloaded before import = 0
Number of asset objects unloaded after import = 3
========================================================================
Received Import Request.
  Time since last request: 0.001133 seconds.
  path: Assets/Image/White_1x1.png
  artifactKey: Guid(177ad32ee98113844bdb082f6b609015) Importer(2089858483,0ecaa5967403d082aa24f35e1b516d23)
Start importing Assets/Image/White_1x1.png using Guid(177ad32ee98113844bdb082f6b609015) Importer(2089858483,0ecaa5967403d082aa24f35e1b516d23) [PhysX] Initialized MultithreadedTaskDispatcher with 2 workers.
 -> (artifact id: 'ed29ffc80f719bf3439e8f8f576b48ab') in 0.222101 seconds
Number of updated asset objects reloaded before import = 0
Number of asset objects unloaded after import = 3
========================================================================
Received Import Request.
  Time since last request: 0.000639 seconds.
  path: Assets/Image/Square.png
  artifactKey: Guid(57d50f1095943bf44a7bd7dfe5ab948b) Importer(2089858483,0ecaa5967403d082aa24f35e1b516d23)
Start importing Assets/Image/Square.png using Guid(57d50f1095943bf44a7bd7dfe5ab948b) Importer(2089858483,0ecaa5967403d082aa24f35e1b516d23) [PhysX] Initialized MultithreadedTaskDispatcher with 2 workers.
 -> (artifact id: '432ce2f308134ce523f81b7aed31bdd1') in 0.176032 seconds
Number of updated asset objects reloaded before import = 0
Number of asset objects unloaded after import = 3
========================================================================
Received Import Request.
  Time since last request: 0.000791 seconds.
  path: Assets/Animation/Player 1.controller
  artifactKey: Guid(ecc644035c202614db080938cae5e1e2) Importer(2089858483,0ecaa5967403d082aa24f35e1b516d23)
Start importing Assets/Animation/Player 1.controller using Guid(ecc644035c202614db080938cae5e1e2) Importer(2089858483,0ecaa5967403d082aa24f35e1b516d23) [PhysX] Initialized MultithreadedTaskDispatcher with 2 workers.
 -> (artifact id: '93c43e316fc2fb3d51ab90025b0f3437') in 0.029538 seconds
Number of updated asset objects reloaded before import = 0
Number of asset objects unloaded after import = 4
========================================================================
Received Import Request.
  Time since last request: 0.000814 seconds.
  path: Assets/Animation/Background.controller
  artifactKey: Guid(50fefdbdaa5ce074eb2ab7b375b443c6) Importer(2089858483,0ecaa5967403d082aa24f35e1b516d23)
Start importing Assets/Animation/Background.controller using Guid(50fefdbdaa5ce074eb2ab7b375b443c6) Importer(2089858483,0ecaa5967403d082aa24f35e1b516d23) [PhysX] Initialized MultithreadedTaskDispatcher with 2 workers.
 -> (artifact id: '461914b8945cba627c72b4ea37d49bb3') in 0.208403 seconds
Number of updated asset objects reloaded before import = 0
Number of asset objects unloaded after import = 4
========================================================================
Received Import Request.
  Time since last request: 0.000657 seconds.
  path: Assets/Image/Ground.png
  artifactKey: Guid(fa8ef56eba11ab34081b2aacb5121161) Importer(2089858483,0ecaa5967403d082aa24f35e1b516d23)
Start importing Assets/Image/Ground.png using Guid(fa8ef56eba11ab34081b2aacb5121161) Importer(2089858483,0ecaa5967403d082aa24f35e1b516d23) [PhysX] Initialized MultithreadedTaskDispatcher with 2 workers.
 -> (artifact id: 'ce458129c4440922fc1638da16e17705') in 0.095652 seconds
Number of updated asset objects reloaded before import = 0
Number of asset objects unloaded after import = 3
========================================================================
Received Import Request.
  Time since last request: 0.000935 seconds.
  path: Assets/Scene/Play.unity
  artifactKey: Guid(26a2584c7be75314f89df587862f1f8d) Importer(815301076,1909f56bfc062723c751e8b465ee728b)
Start importing Assets/Scene/Play.unity using Guid(26a2584c7be75314f89df587862f1f8d) Importer(815301076,1909f56bfc062723c751e8b465ee728b) [PhysX] Initialized MultithreadedTaskDispatcher with 2 workers.
 -> (artifact id: 'ad938dca7f36b4aada9f3f61bd10b251') in 0.001032 seconds
Number of updated asset objects reloaded before import = 0
Number of asset objects unloaded after import = 0
========================================================================
Received Import Request.
  Time since last request: 0.000641 seconds.
  path: Assets/Animation/Ground.controller
  artifactKey: Guid(58aed0ba50f6062418e63ee088ff162a) Importer(2089858483,0ecaa5967403d082aa24f35e1b516d23)
Start importing Assets/Animation/Ground.controller using Guid(58aed0ba50f6062418e63ee088ff162a) Importer(2089858483,0ecaa5967403d082aa24f35e1b516d23) [PhysX] Initialized MultithreadedTaskDispatcher with 2 workers.
 -> (artifact id: '8fdbfd309eab065ae1f604adc5d93cc7') in 0.073239 seconds
Number of updated asset objects reloaded before import = 0
Number of asset objects unloaded after import = 4
========================================================================
Received Import Request.
  Time since last request: 0.001397 seconds.
  path: Assets/Image/gameover.png
  artifactKey: Guid(ae17f59ae099085418bd475168cefee8) Importer(2089858483,0ecaa5967403d082aa24f35e1b516d23)
Start importing Assets/Image/gameover.png using Guid(ae17f59ae099085418bd475168cefee8) Importer(2089858483,0ecaa5967403d082aa24f35e1b516d23) [PhysX] Initialized MultithreadedTaskDispatcher with 2 workers.
 -> (artifact id: '30b0604c968ad0673fe7cc055fc9ac75') in 0.044031 seconds
Number of updated asset objects reloaded before import = 0
Number of asset objects unloaded after import = 3
========================================================================
Received Import Request.
  Time since last request: 0.001065 seconds.
  path: Assets/Animation/Ground 2.controller
  artifactKey: Guid(40b58e0cef8e1a445832c3d09ea012eb) Importer(2089858483,0ecaa5967403d082aa24f35e1b516d23)
Start importing Assets/Animation/Ground 2.controller using Guid(40b58e0cef8e1a445832c3d09ea012eb) Importer(2089858483,0ecaa5967403d082aa24f35e1b516d23) [PhysX] Initialized MultithreadedTaskDispatcher with 2 workers.
 -> (artifact id: '18e5f0468dd6984a7ad36cabbb514169') in 0.159343 seconds
Number of updated asset objects reloaded before import = 0
Number of asset objects unloaded after import = 4
========================================================================
Received Import Request.
  Time since last request: 0.000426 seconds.
  path: Assets/Image/particle.png
  artifactKey: Guid(8b4fcebef95eab9479d9a53bc36c84af) Importer(2089858483,0ecaa5967403d082aa24f35e1b516d23)
Start importing Assets/Image/particle.png using Guid(8b4fcebef95eab9479d9a53bc36c84af) Importer(2089858483,0ecaa5967403d082aa24f35e1b516d23) [PhysX] Initialized MultithreadedTaskDispatcher with 2 workers.
 -> (artifact id: '054323d074fb5dde0919c55d335a85d1') in 0.199549 seconds
Number of updated asset objects reloaded before import = 0
Number of asset objects unloaded after import = 3
========================================================================
Received Import Request.
  Time since last request: 151.156312 seconds.
  path: Assets/Image/PipeBody.png
  artifactKey: Guid(fecf6b6a602ce0743a2abcc45a723a26) Importer(2089858483,0ecaa5967403d082aa24f35e1b516d23)
Start importing Assets/Image/PipeBody.png using Guid(fecf6b6a602ce0743a2abcc45a723a26) Importer(2089858483,0ecaa5967403d082aa24f35e1b516d23) [PhysX] Initialized MultithreadedTaskDispatcher with 2 workers.
 -> (artifact id: '872678d8253bf3af4ba4c8060c716b88') in 1.817322 seconds
Number of updated asset objects reloaded before import = 0
Number of asset objects unloaded after import = 3
========================================================================
Received Import Request.
  Time since last request: 0.000062 seconds.
  path: Assets/Script/ScoreBoard.cs
  artifactKey: Guid(2e4dde4993530a04b8b98ecef92588bb) Importer(2089858483,0ecaa5967403d082aa24f35e1b516d23)
Start importing Assets/Script/ScoreBoard.cs using Guid(2e4dde4993530a04b8b98ecef92588bb) Importer(2089858483,0ecaa5967403d082aa24f35e1b516d23) [PhysX] Initialized MultithreadedTaskDispatcher with 2 workers.
 -> (artifact id: '3cae05d6951b45ea847187c4b5ad4087') in 0.494421 seconds
Number of updated asset objects reloaded before import = 0
Number of asset objects unloaded after import = 1
========================================================================
Received Prepare
Caller must complete domain reload
Begin MonoManager ReloadAssembly
- Loaded All Assemblies, in 56.127 seconds
Native extension for WindowsStandalone target not found
Native extension for WebGL target not found
Mono: successfully reloaded assembly
- Finished resetting the current domain, in 27.996 seconds
Domain Reload Profiling: 84125ms
	BeginReloadAssembly (45163ms)
		ExecutionOrderSort (0ms)
		DisableScriptedObjects (54ms)
		BackupInstance (0ms)
		ReleaseScriptingObjects (0ms)
		CreateAndSetChildDomain (221ms)
	RebuildCommonClasses (96ms)
	RebuildNativeTypeToScriptingClass (63ms)
	initialDomainReloadingComplete (90ms)
	LoadAllAssembliesAndSetupDomain (10715ms)
		LoadAssemblies (16908ms)
		RebuildTransferFunctionScriptingTraits (0ms)
		AnalyzeDomain (15ms)
			TypeCache.Refresh (9ms)
				TypeCache.ScanAssembly (0ms)
			ScanForSourceGeneratedMonoScriptInfo (0ms)
			ResolveRequiredComponents (4ms)
	FinalizeReload (27998ms)
		ReleaseScriptCaches (0ms)
		RebuildScriptCaches (0ms)
		SetupLoadedEditorAssemblies (2061ms)
			LogAssemblyErrors (0ms)
			InitializePlatformSupportModulesInManaged (26ms)
			SetLoadedEditorAssemblies (15ms)
			RefreshPlugins (0ms)
			BeforeProcessingInitializeOnLoad (215ms)
			ProcessInitializeOnLoadAttributes (1335ms)
			ProcessInitializeOnLoadMethodAttributes (406ms)
			AfterProcessingInitializeOnLoad (64ms)
			EditorAssembliesLoaded (0ms)
		ExecutionOrderSort2 (0ms)
		AwakeInstancesAfterBackupRestoration (26ms)
Refreshing native plugins compatible for Editor in 3.66 ms, found 0 plugins.
Preloading 0 native plugins for Editor in 0.00 ms.
Unloading 735 Unused Serialized files (Serialized files now loaded: 0)
Unloading 6 unused Assets / (24.5 KB). Loaded Objects now: 1235.
Memory consumption went from 68.1 MB to 68.1 MB.
Total: 11.245473 ms (FindLiveObjects: 0.184324 ms CreateObjectMapping: 0.049928 ms MarkObjects: 10.734564 ms  DeleteObjects: 0.273237 ms)

Prepare: number of updated asset objects reloaded= 0
AssetImportParameters requested are different than current active one (requested -> active):
  custom:video-encoder-webm-vp8: eb34c28f22e8b96e1ab97ce403110664 -> 
  custom:video-decoder-webm-vp8: 9c59270c3fd7afecdb556c50c9e8de78 -> 
  custom:audio-decoder-ogg-vorbis: bf7c407c2cedff20999df2af8eb42d56 -> 
  custom:video-decoder-ogg-theora: a1e56fd34408186e4bbccfd4996cb3dc -> 
  custom:audio-encoder-webm-vorbis: bf7c407c2cedff20999df2af8eb42d56 -> 
  custom:SearchIndexIgnoredProperties: e643bd26f0fe6173181afceb89e7c659 -> 
  custom:container-demuxer-ogg: 62fdf1f143b41e24485cea50d1cbac27 -> 
  custom:AudioImporter_EditorPlatform: d09bf68614088b80899f8185d706f6e7 -> 
  custom:CustomObjectIndexerAttribute: 9a22284fe3817be447336de3de66b15e -> 
  custom:framework-win-MediaFoundation: 216162199b28c13a410421893ffa2e32 -> 
  custom:container-demuxer-webm: 4f35f7cbe854078d1ac9338744f61a02 -> 
  custom:container-muxer-webm: aa71ff27fc2769a1b78a27578f13a17b -> 
  custom:video-codec-MediaFoundation-h265: 55f8c8538cf0483ab7069ead6b737db2 -> 
========================================================================
Received Prepare
Caller must complete domain reload
Begin MonoManager ReloadAssembly
- Loaded All Assemblies, in  1.275 seconds
Native extension for WindowsStandalone target not found
Native extension for WebGL target not found
Mono: successfully reloaded assembly
- Finished resetting the current domain, in  1.739 seconds
Domain Reload Profiling: 3015ms
	BeginReloadAssembly (674ms)
		ExecutionOrderSort (0ms)
		DisableScriptedObjects (16ms)
		BackupInstance (0ms)
		ReleaseScriptingObjects (0ms)
		CreateAndSetChildDomain (47ms)
	RebuildCommonClasses (108ms)
	RebuildNativeTypeToScriptingClass (28ms)
	initialDomainReloadingComplete (59ms)
	LoadAllAssembliesAndSetupDomain (406ms)
		LoadAssemblies (588ms)
		RebuildTransferFunctionScriptingTraits (0ms)
		AnalyzeDomain (53ms)
			TypeCache.Refresh (31ms)
				TypeCache.ScanAssembly (0ms)
			ScanForSourceGeneratedMonoScriptInfo (0ms)
			ResolveRequiredComponents (19ms)
	FinalizeReload (1740ms)
		ReleaseScriptCaches (0ms)
		RebuildScriptCaches (0ms)
		SetupLoadedEditorAssemblies (808ms)
			LogAssemblyErrors (0ms)
			InitializePlatformSupportModulesInManaged (38ms)
			SetLoadedEditorAssemblies (11ms)
			RefreshPlugins (0ms)
			BeforeProcessingInitializeOnLoad (120ms)
			ProcessInitializeOnLoadAttributes (564ms)
			ProcessInitializeOnLoadMethodAttributes (66ms)
			AfterProcessingInitializeOnLoad (8ms)
			EditorAssembliesLoaded (0ms)
		ExecutionOrderSort2 (0ms)
		AwakeInstancesAfterBackupRestoration (21ms)
Refreshing native plugins compatible for Editor in 2.85 ms, found 0 plugins.
Preloading 0 native plugins for Editor in 0.00 ms.
Unloading 736 Unused Serialized files (Serialized files now loaded: 0)
Unloading 6 unused Assets / (24.5 KB). Loaded Objects now: 1238.
Memory consumption went from 68.4 MB to 68.4 MB.
Total: 6.056359 ms (FindLiveObjects: 0.177826 ms CreateObjectMapping: 0.047534 ms MarkObjects: 5.765681 ms  DeleteObjects: 0.062923 ms)

Prepare: number of updated asset objects reloaded= 0
AssetImportParameters requested are different than current active one (requested -> active):
  custom:video-encoder-webm-vp8: eb34c28f22e8b96e1ab97ce403110664 -> 
  custom:video-decoder-webm-vp8: 9c59270c3fd7afecdb556c50c9e8de78 -> 
  custom:audio-decoder-ogg-vorbis: bf7c407c2cedff20999df2af8eb42d56 -> 
  custom:video-decoder-ogg-theora: a1e56fd34408186e4bbccfd4996cb3dc -> 
  custom:audio-encoder-webm-vorbis: bf7c407c2cedff20999df2af8eb42d56 -> 
  custom:SearchIndexIgnoredProperties: e643bd26f0fe6173181afceb89e7c659 -> 
  custom:container-demuxer-ogg: 62fdf1f143b41e24485cea50d1cbac27 -> 
  custom:AudioImporter_EditorPlatform: d09bf68614088b80899f8185d706f6e7 -> 
  custom:CustomObjectIndexerAttribute: 9a22284fe3817be447336de3de66b15e -> 
  custom:framework-win-MediaFoundation: 216162199b28c13a410421893ffa2e32 -> 
  custom:container-demuxer-webm: 4f35f7cbe854078d1ac9338744f61a02 -> 
  custom:container-muxer-webm: aa71ff27fc2769a1b78a27578f13a17b -> 
  custom:video-codec-MediaFoundation-h265: 55f8c8538cf0483ab7069ead6b737db2 -> 
========================================================================
Received Prepare
Refreshing native plugins compatible for Editor in 5.29 ms, found 0 plugins.
Preloading 0 native plugins for Editor in 0.00 ms.
Unloading 1 Unused Serialized files (Serialized files now loaded: 0)
Unloading 1 unused Assets / (3.1 KB). Loaded Objects now: 1238.
Memory consumption went from 57.2 MB to 57.2 MB.
Total: 328.277932 ms (FindLiveObjects: 0.186034 ms CreateObjectMapping: 0.052322 ms MarkObjects: 327.994435 ms  DeleteObjects: 0.042405 ms)

Prepare: number of updated asset objects reloaded= 0
AssetImportParameters requested are different than current active one (requested -> active):
  custom:video-encoder-webm-vp8: eb34c28f22e8b96e1ab97ce403110664 -> 
  custom:video-decoder-webm-vp8: 9c59270c3fd7afecdb556c50c9e8de78 -> 
  custom:audio-decoder-ogg-vorbis: bf7c407c2cedff20999df2af8eb42d56 -> 
  custom:video-decoder-ogg-theora: a1e56fd34408186e4bbccfd4996cb3dc -> 
  custom:audio-encoder-webm-vorbis: bf7c407c2cedff20999df2af8eb42d56 -> 
  custom:SearchIndexIgnoredProperties: e643bd26f0fe6173181afceb89e7c659 -> 
  custom:container-demuxer-ogg: 62fdf1f143b41e24485cea50d1cbac27 -> 
  custom:AudioImporter_EditorPlatform: d09bf68614088b80899f8185d706f6e7 -> 
  custom:CustomObjectIndexerAttribute: 9a22284fe3817be447336de3de66b15e -> 
  custom:framework-win-MediaFoundation: 216162199b28c13a410421893ffa2e32 -> 
  custom:container-demuxer-webm: 4f35f7cbe854078d1ac9338744f61a02 -> 
  custom:container-muxer-webm: aa71ff27fc2769a1b78a27578f13a17b -> 
  custom:video-codec-MediaFoundation-h265: 55f8c8538cf0483ab7069ead6b737db2 -> 
